<?xml version="1.0" encoding="UTF-8" ?>
<testsuite tests="5" failures="0" name="service.TravelServiceTest" time="0.17" errors="0" skipped="0">
  <properties>
[...]
</properties>
  <testcase classname="service.TravelServiceTest" name="test_findByName" time="0.163"/>
  <testcase classname="service.TravelServiceTest" name="test_save" time="0.001"/>
  <testcase classname="service.TravelServiceTest" name="test_delete" time="0.001"/>
  <testcase classname="service.TravelServiceTest" name="test_findByCategory" time="0.004"/>
  <testcase classname="service.TravelServiceTest" name="test_update" time="0.001"/>
</testsuite>